[   0.0000] Liuxversion4.15.0-43-generc (buildd@lgw01-amd64-001) (gcc version 7.3.0 (Ubuntu 7.3.0-16ubuntu3)) #46-Ubuntu SMP Thu Dec 6 14:45:28 UTC 2018 (Ubuntu 4.15.0-43.46-generic 4.15.18)
[    0.000000] Command line: BOOT_IMAGE=/boot/vmlinuz-4.15.0-43-generic root=LABBEL=cloudimg-rootfs ro console=tty1 console=ttyS0
[    0.000000] KERNEL supported cpus:
[    0.000000]   Intel GenuineIntel
[    0.000000]   AMD AuthenticAMD
[    0.000000]   Centaur CentaurHauls
[    0.000000] x86/fpu: Supporting XSAVE feature 0x001: 'x87 floating point registers'
[    0.000000] x86/fpu: Supporting XSAVE feature 0x002: 'SSE registers'
[    0.000000] x86/fpu: Supporting XSAVE feature 0x004: 'AVX registers'
[    0.000000] x86/fpu: xstate_offset[2]:  576, xstate_sizes[2]:  256
[    0.000000] x86/fpu: Enabled xstate features 0x7, context size is 832 bytes, using 'standard' format.
[    0.000000] e820: BIOS-provided physical RAM map:
[    0.000000] BIOS-e820: [mem 0x0000000000000000-0x000000000009fbff] usable
[    0.000000] BIOS-e820: [mem 0x000000000009fc00-0x000000000009ffff] reserved
[    0.000000] BIOS-e820: [mem 0x00000000000f0000-0x00000000000fffff] reserved
[    0.000000] BIOS-e820: [mem 0x0000000000100000-0x000000003ffeffff] usable
[    0.000000] BIOS-e820: [mem 0x000000003fff0000-0x000000003fffffff] ACPI data
[    0.000000] BIOS-e820: [mem 0x00000000fec00000-0x00000000fec00fff] reserved
[    0.000000] BIOS-e820: [mem 0x00000000fee00000-0x00000000fee00fff] reserved
[    0.000000] BIOS-e820: [mem 0x00000000fffc0000-0x00000000ffffffff] reserved
[    0.000000] NX xeute isble) protecon actve
[    0.00000] SMOS 2.5 present.
[   0.000000] MI innte Gmb VirualBox/VirtualBox, BIOSVirtuaBo 12/01206
[  0000000] Hypervisordeected: KVM
[    0.000000] e82: ast_pfn  03fff0 max_ach_pfn =0x00000000
[    0.000000] MTRR: Disabled
[    0.000000] x86/PAT: MTRRs disabled, skipping PAT initialization too.
[    0.000000] CPU MTRRs all blank - virtualized system.
[    0.000000] x86/PAT: Configuration  [0-7]:WB  WT  UC- UC  WB  WT  UC- UC  
[    0.000000] found SMP MP-table at [mem 0x0009fff0-0x0009ffff] mapped at [        (ptrval)]
[    0.000000] Scanning 1 areas for low memory corruption
[    0.000000] RAMDISK: [mem 0x359cb000-0x36cdcfff]
[    0.000000] ACPI: Early table checksum verification disabled
[    0.000000] ACPI: RSDP 0x00000000000E0000 000024 (v02 VBOX  )
[    0.000000] ACPI: XSDT 0x000000003FFF0030 00003C (v01 VBOX   VBOXXSDT 00000001 ASL  00000061)
[    0.000000] ACPI: FACP 0x000000003FFF0F0 000F4(v04 VBOX   VBOXFAC 00000001 ASL  0000006)
[   0.0000] APIDSDT 0x0000003FFF070 0021FF (v02 VBOX  VBOXBIOS 00000002 INTL 20100528)
[    0.000000ACPI: FCS0x000003FFF02000040
[   0.00000] ACPI:FACS 0x0000003FF00 000040[    0.000000ACPI AC 0x0000003FFF0240 00005C (v02 VBOX   VBOXAPIC 00000001 ASL  00000061)
[    0.000000] ACPI: SSDT 0x000000003FFF02A0 0001CC (v01 VBOX   VBOXCPUT 00000002 INTL 20100528)
[    0.000000] No NUMA configuration found
[    0.000000] Faking a node at [mem 0x0000000000000000-0x000000003ffeffff]
[    0.000000] NODE_DATA(0) allocated [mem 0x3ffc5000-0x3ffeffff]
[    0.000000] kvm-clock: cpu 0, msr 0:3ff44001, primary cpu clock
[    0.000000] kvm-clock: Using msrs 4b564d01 and 4b564d00
[    0.000000] kvm-clock: using sched offset of 4215927997 cycles
[    0.000000] clocksource: kvm-clock: mask: 0xffffffffffffffff max_cycles: 0x1cd42e4dffb, max_idle_ns: 881590591483 ns
[    0.000000] Zone ranges:
[    0.000000]   DMA      [mem 0x0000000000001000-0x0000000000ffffff]
[   0.00000]  DMA32    [mem 00000000000000-x00000003ffeffff]
[    0.000000]   Normal   empty
[   .000000]   Device   empty
[    0.000000 Movble zone start for echnode
[    0.0000] Early memory node rges
[    0.000000]   node   0: [mem 0x0000000000001000-0x00000000009efff]
[   0.000000]   node   0: [mem 0x000000000010000-0x00000000ffefff
[    0.000]] Initmem etp noe [mem0x00000000001000-0x00000003fefff]
[  0.000000] Reserve but unavailable: 98 pages
[    0.000000] ACPI: PM-Timer IO Port: 0x4008
[    0.000000] IOAPIC[0]: apic_id 2, version 32, address 0xfec00000, GSI 0-23
[    0.000000] ACPI: INT_SRC_OVR (bus 0 bus_irq 0 global_irq 2 dfl dfl)
[    0.000000] ACPI: INT_SRC_OVR (bus 0 bus_irq 9 global_irq 9 low level)
[    0.000000] Using ACPI (MADT) for SMP configuration information
[    0.000000] smpboot: Allowing 2 CPUs, 0 hotplug CPUs
[    0.000000] PM: Registered nosave memory: [mem 0x00000000-0x00000fff]
[    0.000000] PM: Registered nosave memory: [mem 0x0009f000-0x0009ffff]
[    0.000000] PM: Registered nosave memory: [mem 0x000a0000-0x000effff]
[    0.000000] PM: Registered nosave memory: [mem 0x000f0000-0x000fffff]
[    0.000000] e820: [mem 0x40000000-0xfebfffff] available for PCI devices
[    0.000000] Booting paravirtualized kernel on KVM
[    0.000000] clocksource: refined-jiffies: mask: 0xffffffff max_cycles: 0xffffffff, max_idle_ns: 7645519600211568 ns
[    0.000000] random: get_random_bytes called from start_kernel+0x99/0x4fd with crng_init=0
[    0.000000] setup_percpu: NR_CPUS:8192 nr_cpumask_bits:2 nr_cpu_ids:2 nr_node_ids:1[   0.00000]pecpu:Embeded 46 paes/cp @       (tral) 15552 r819 d8672u18576
   0.00000]PV qspnlck hh talentris:56 (orer 0, 09 bytes)
[   .000000]But 1 zoelsts, mobilit grouping on.  Total pages: 257913
[    0.000000] Policy zone: DMA32
[    0.000000] Kernel command line: BOOT_IMAGE=/boot/vmlinuz-4.15.0-43-generic root=LABEL=cloudimg-rootfs ro console=tty1 console=ttyS0
[    0.000000] Memory: 983056K/1048120K available (12300K kernel code, 2472K rwdata, 4252K rodata, 2408K init, 2416K bss, 65064K reserved, 0K cma-reserved)
[    0.000000] SLUB: HWalign=64, Order=0-3, MinObjects=0, CPUs=2, Nodes=1
[    0.000000] Kernel/User page tables isolation: enabled
[    0.000000] ftrace: allocating 39186 entries in 154 pages
[    0.04000] Herrcical RU implmentaton
[    0.0040] 	RCUretricting CPUs fm R_CUS192 to nr_cpu_ids=2.
[  0.00400 	TaksCU enale.
[   0.4000] RC: djustig ometry for rcu_fanout_lef=, nrcpids=2
[    0.004000] NR_IRQ: 52544, nr_irqs: 440, preallocated irqs: 16
[    0.004000] Console: colour VGA+ 80x25
[    0.004000] console [tty1] enabled
[    0.004000] console [ttyS0] enabled
[    0.004000] ACPI: Core revision 2017083
[    0.004000] ACPI: 2 ACPI AML tables successfully acquired and loaded
[    0.004000] APIC: Switch to symmetric I/O mode setup
[    0.004000] x2apic enabled
[    0.004000] Switched APIC routing to physical x2apic.
[    0.004894] ..TIMER: vector=0x30 apic1=0 pin1=2 apic2=-1 pin2=-1
[     0.008002] tsc: Detected 2304.000 MHz processor
[    0.012011] Calibrating delay loop (skipped) preset value.. 4608.00 BogoMIPS (lpj=9216000)
[    0.014157] pid_max: default: 32768 minimum: 301
[    0.016038] Security Framework initialized
[    0.020004] Yama: becoming mindful.
[    0.020999] AppArmor: AppArmor initialized
[    0.024106] Dentry cache hash table entries: 131072 (order: 8, 1048576 bytes)
[    0.028083] Inode-cache hash table entries: 65536 (order: 7, 524288 bytes)
[    0.032047] Mount-cache hash table entries: 2048 (order: 2, 16384 bytes)
[    0.036033] Mountpoint-cache hash table entries: 2048 (order: 2, 16384 bytes)
[    0.040238] mce: CPU supports 0 MCE banks
[    0.044020] Last level iTLB entries: 4KB 64, 2MB 8, 4MB 8
[    0.048008] Last level dTLB entries: 4KB 64, 2MB 0, 4MB 0, 1GB 4
[    0.052009] Spectre V2 : Mitigation: Full generic retpoline
[    0.053815] Spectre V2 : Spectre v2 / SpectreRSB mitigation: Filling RSB on context switch
[    0.056007] Speculative Store Bypass: Vulnerable
[    0.060082] Freeing SMP alternatives memory: 36K
[    0.068000] smpboot: CPU0: Intel(R) Core(TM) i5-8259U CPU @ 2.30GHz (family: 0x6, model: 0x8e, stepping: 0xa)
[    0.068089] Performance Events: unsupported p6 CPU model 142 no PMU driver, software events only.
[    0.072065] Hierarchical SRCU implementation.
[    0.076573] NMI watchdog: Perf event create on CPU 0 failed with -2
[    0.080007] NMI watchdog: Perf NMI watchdog permanently disabled
[    0.084076] smp: Bringing up secondary CPUs ...
[    0.088092] x86: Booting SMP configuration:
[    0.092006] .... node  #0, CPUs:      #1
[    0.004000] kvm-clock: cpu 1, msr 0:3ff44041, secondary cpu clock
[    0.004000] mce: CPU supports 0 MCE banks
[    0.288062] smp: Brought up 1 node, 2 CPUs
[    0.292010] smpboot: Max logical packages: 1
[    0.293416] smpboot: Total of 2 processors activated (9216.00 BogoMIPS)
[    0.296239] devtmpfs: initialized
[    0.297120] x86/mm: Memory block size: 128MB
[    0.298630] evm: security.selinux
[    0.300003] evm: security.SMACK64
[    0.300901] evm: security.SMACK64EXEC
[    0.301916] evm: security.SMACK64TRANSMUTE
[    0.304003] evm: security.SMACK64MMAP
[    0.308002] evm: security.apparmor
[    0.309283] evm: security.ima
[    0.310089] evm: security.capability
[    0.311256] clocksource: jiffies: mask: 0xffffffff max_cycles: 0xffffffff, max_idle_ns: 7645041785100000 ns
[    0.312015] futex hash table entries: 512 (order: 3, 32768 bytes)
[    0.316064] pinctrl core: initialized pinctrl subsystem
[    0.319340] RTC time:  2:07:18, date: 01/23/19
[    0.320161] NET: Registered protocol family 16
[    0.321513] audit: initializing netlink subsys (disabled)
[    0.324009] audit: type=2000 audit(1548209236.382:1): state=initialized audit_enabled=0 res=1
[    0.326472] cpuidle: using governor ladder
[    0.326472] cpuidle: using governor menu
[    0.328037] ACPI: bus type PCI registered
[    0.329352] acpiphp: ACPI Hot Plug PCI Controller Driver version: 0.5
[    0.332122] PCI: Using configuration type 1 for base access
[    0.333731] HugeTLB registered 2.00 MiB page size, pre-allocated 0 pages
[    0.336086] ACPI: Added _OSI(Module Device)
[    0.337119] ACPI: Added _OSI(Processor Device)
[    0.338185] ACPI: Added _OSI(3.0 _SCP Extensions)
[    0.340003] ACPI: Added _OSI(Processor Aggregator Device)
[    0.341270] ACPI: Added _OSI(Linux-Dell-Video)
[    0.342332] ACPI: Added _OSI(Linux-Lenovo-NV-HDMI-Audio)
[    0.344434] ACPI: Executed 1 blocks of module-level executable AML code
[    0.349688] ACPI: Interpreter enabled
[    0.351007] ACPI: (supports S0 S5)
[    0.351840] ACPI: Using IOAPIC for interrupt routing
[    0.352203] PCI: Using host bridge windows from ACPI; if necessary, use "pci=nocrs" and report a bug
[    0.354482] ACPI: Enabled 2 GPEs in block 00 to 07
[    0.365423] ACPI: PCI Root Bridge [PCI0] (domain 0000 [bus 00-ff])
[    0.368015] acpi PNP0A03:00: _OSC: OS supports [ASPM ClockPM Segments MSI]
[    0.372052] acpi PNP0A03:00: _OSC: not requesting OS control; OS requires [ExtendedConfig ASPM ClockPM MSI]
[    0.376044] acpi PNP0A03:00: fail to add MMCONFIG information, can't access extended PCI configuration space under this bridge.
[    0.380522] PCI host bridge to bus 0000:00
[    0.384013] pci_bus 0000:00: root bus resource [io  0x0000-0x0cf7 window]
[    0.385636] pci_bus 0000:00: root bus resource [io  0x0d00-0xffff window]
[    0.388028] pci_bus 0000:00: root bus resource [mem 0x000a0000-0x000bffff window]
[    0.392012] pci_bus 0000:00: root bus resource [mem 0x40000000-0xfdffffff window]
[    0.394128] pci_bus 0000:00: root bus resource [bus 00-ff]
[    0.400019] pci 0000:00:01.1: legacy IDE quirk: reg 0x10: [io  0x01f0-0x01f7]
[    0.404011] pci 0000:00:01.1: legacy IDE quirk: reg 0x14: [io  0x03f6]
[    0.405654] pci 0000:00:01.1: legacy IDE quirk: reg 0x18: [io  0x0170-0x0177]
[    0.408005] pci 0000:00:01.1: legacy IDE quirk: reg 0x1c: [io  0x0376]
[    0.430928] pci 0000:00:07.0: quirk: [io  0x4000-0x403f] claimed by PIIX4 ACPI
[    0.432033] pci 0000:00:07.0: quirk: [io  0x4100-0x410f] claimed by PIIX4 SMB
[    0.446967] ACPI: PCI Interrupt Link [LNKA] (IRQs 5 9 10 *11)
[    0.448319] ACPI: PCI Interrupt Link [LNKB] (IRQs 5 9 *10 11)
[    0.452189] ACPI: PCI Interrupt Link [LNKC] (IRQs 5 *9 10 11)
[    0.456160] ACPI: PCI Interrupt Link [LNKD] (IRQs 5 9 10 *11)
[    0.460736] SCSI subsystem initialized
[    0.462250] pci 0000:00:02.0: vgaarb: setting as boot VGA device
[    0.462250] pci 0000:00:02.0: vgaarb: VGA device added: decodes=io+mem,owns=io+mem,locks=none
[    0.464030] pci 0000:00:02.0: vgaarb: bridge control possible
[    0.468004] vgaarb: loaded
[    0.468729] ACPI: bus type USB registered
[    0.469709] usbcore: registered new interface driver usbfs
[    0.472034] usbcore: registered new interface driver hub
[    0.476038] usbcore: registered new device driver usb
[    0.477449] EDAC MC: Ver: 3.0.0
[    0.480380] PCI: Using ACPI for IRQ routing
[    0.481576] NetLabel: Initializing
[    0.482496] NetLabel:  domain hash size = 128
[    0.484003] NetLabel:  protocols = UNLABELED CIPSOv4 CALIPSO
[    0.485613] NetLabel:  unlabeled traffic allowed by default
[    0.488111] clocksource: Switched to clocksource kvm-clock
[    0.504313] VFS: Disk quotas dquot_6.6.0
[    0.505856] VFS: Dquot-cache hash table entries: 512 (order 0, 4096 bytes)
[    0.507977] AppArmor: AppArmor Filesystem Enabled
[    0.509470] pnp: PnP ACPI init
[    0.511827] pnp: PnP ACPI: found 3 devices
[   0.252]loksrce: acpipm mk:xfff m_cles:xfffff, maxdl_ns: 2085701024 ns
[  11557] ET: Registered protocol family 2

[    1.298430] TCP established shabe ntes: 192 rd: 4, 65536 bytes)
[    1.595553] TCP bind hash table entries: 8192 (order: 5, 31072 bytes)
[    1.621702] TCP: Hash tables configure (taishe 82 in81)
[    1.9310]DPas table entries: 512 (order: 2, 163 bes
    2.198978 UDP-Lite hash table entris: 512 (orer2,1684yt)
   2.9791 NET:Rested protocol family 1
[    2.718345] pci 0000:00:00.0: Limiting diect PCI/PCI transfers
[    2.748446] pci 0000:00:01.0: Activating ISA DMA hang workarounds
[    2.750608] pci 0000:00:02.0: Video device withshadowed ROM at [mem 0x000c0000-0x000dffff]
[    2.780347] Unpacking initramfs...

[    3.089928] Freeing initrd memory: 19528K
[    3.096857] platform rtc_cmos: registered platform RTC device (no PNP device found)
[    3.210600] Scanning for low memory corruption every 60 seconds
[    3.314967] Initialise system trusted keyrings
[    3.369653] Key type blacklist registered
[    3.416505] workingset: timestamp_bits=36 max_order=18 bucket_order=0
[    3.514666] zbud: loaded
[    3.537142] squashfs: version 4.0 (2009/01/31) Phillip Lougher
[    3.601008] fuse init (API version 7.26)
[    3.659378] Key type asymmetric registered
[    3.660505] Asymmetric key parser 'x509' registered
[    3.661759] Block layer SCSI generic (bsg) driver version 0.4 loaded (major 246)
[    3.663703] io scheduler noop registered
[    3.708554] io scheduler deadline registered
[    3.748695] io scheduler cfq registered (default)
[    3.766923] ACPI: AC Adapter [AC] (on-line)
[    3.778503] input: Power Button as /devices/LNXSYSTM:00/LNXPWRBN:00/input/input0
[    3.780754] ACPI: Power Button [PWRF]
[    3.782058] input: Sleep Button as /devices/LNXSYSTM:00/LNXSLPBN:00/input/input1
[    3.785397] ACPI: Sleep Button [SLPF]
[    3.790796] ACPI: Battery Slot [BAT0] (battery present)
[    3.792517] Serial: 8250/16550 driver, 32 ports, IRQ sharing enabled
[    3.819974] 00:02: ttyS0 at I/O 0x3f8 (irq = 4, base_baud = 115200) is a 16550A
[    3.877073] Linux agpgart interface v0.103
[    3.929649] loop: module loaded
[    3.955027] scsi host0: ata_piix
[    3.996581] scsi host1: ata_piix
[    4.053118] ata1: PATA max UDMA/33 cmd 0x1f0 ctl 0x3f6 bmdma 0xd000 irq 14
[    4.157713] ata2: PATA max UDMA/33 cmd 0x170 ctl 0x376 bmdma 0xd008 irq 15
[    4.296833] tsc: Refined TSC clocksource calibration: 2303.783 MHz
[    4.298084] libphy: Fixed MDIO Bus: probed
[    4.298085] tun: Universal TUN/TAP device driver, 1.6
[    4.298124] PPP generic driver version 2.4.2
[    4.298155] ehci_hcd: USB 2.0 'Enhanced' Host Controller (EHCI) Driver
[    4.298161] ehci-pci: EHCI PCI platform driver
[    4.298176] ehci-platform: EHCI generic platform driver
[    4.298181] ohci_hcd: USB 1.1 'Open' Host Controller (OHCI) Driver
[    4.298182] ohci-pci: OHCI PCI platform driver
[    4.298186] ohci-platform: OHCI generic platform driver
[    4.298191] uhci_hcd: USB Universal Host Controller Interface driver
[    4.298235] i8042: PNP: PS/2 Controller [PNP0303:PS2K,PNP0f03:PS2M] at 0x60,0x64 irq 1,12
[    4.341890] serio: i8042 KBD port at 0x60,0x64 irq 1
[    4.341930] serio: i8042 AUX port at 0x60,0x64 irq 12
[    4.342002] mousedev: PS/2 mouse device common for all mice
[    4.342229] input: AT Translated Set 2 keyboard as /devices/platform/i8042/serio0/input/input2
[    4.342525] rtc_cmos rtc_cmos: rtc core: registered rtc_cmos as rtc0
[    4.342574] rtc_cmos rtc_cmos: alarms up to one day, 114 bytes nvram
[    4.342579] i2c /dev entries driver
[    4.342583] pcie_mp2_amd: AMD(R) PCI-E MP2 Communication Driver Version: 1.0
[    4.342667] device-mapper: uevent: version 1.0.3
[    4.342705] device-mapper: ioctl: 4.37.0-ioctl (2017-09-20) initialised: dm-devel@redhat.com
[    4.888949] clocksource: tsc: mask: 0xffffffffffffffff max_cycles: 0x21352a9e0fa, max_idle_ns: 440795207027 ns
[    4.892249] ledtrig-cpu: registered to indicate activity on CPUs
[    4.894499] NET: Registered protocol family 10
[    4.900623] Segment Routing with IPv6
[    4.903833] NET: Registered protocol family 17
[    4.905461] Key type dns_resolver registered
[    4.906980] RAS: Correctable Errors collector initialized.
[    4.914586] sched_clock: Marking stable (4914546577, 0)->(13465038180, -8550491603)
[    4.918183] registered taskstats version 1
[    4.919271] Loading compiled-in X.509 certificates
[    4.922333] Loaded X.509 cert 'Build time autogenerated kernel key: 6afcca3ddc80072aeae87585a7fdb65d40603f58'
[    4.929773] zswap: loaded using pool lzo/zbud
[    4.939479] Key type big_key registered
[    4.966449] Key type trusted registered
[    5.053739] Key type encrypted registered
[    5.120214] AppArmor: AppArmor sha1 policy hashing enabled
[    5.200963] ima: No TPM chip found, activating TPM-bypass! (rc=-19)
[    5.325091] ima: Allocated hash algorithm: sha1
[    5.384596] evm: HMAC attrs: 0x1
[    5.483244]   Magic number: 3:969:106
[    5.561330] rtc_cmos rtc_cmos: setting system clock to 2019-01-23 02:07:24 UTC (1548209244)
[    5.733033] BIOS EDD facility v0.16 2004-Jun-25, 0 devices found
[    5.866214] EDD information not available.
[    5.935929] Freeing unused kernel memory: 2408K
[    5.980101] Write protecting the kernel read-only data: 20480k
[    5.982668] Freeing unused kernel memory: 2008K
[    5.987824] Freeing unused kernel memory: 1892K
[    5.994310] x86/mm: Checked W+X mappings: passed, no W+X pages found.
[    5.996310] x86/mm: Checking user space page tables
[    6.002568] x86/mm: Checked W+X mappings: passed, no W+X pages found.
Loading, please wait...
starting version 237
[    6.076626] e1000: Intel(R) PRO/1000 Network Driver - version 7.3.21-k8-NAPI
[    6.156392] e1000: Copyright (c) 1999-2006 Intel Corporation.
[    6.176746] Fusion MPT base driver 3.04.20
[    6.177782] Copyright (c) 1999-2008 LSI Corporation
[    6.219191] AVX2 version of gcm_enc/dec engaged.
[    6.237704] AES CTR mode by8 optimization enabled
[    6.241429] vboxvideo: loading out-of-tree module taints kernel.
[    6.246735] vboxvideo: module verification failed: signature and/or required key missing - tainting kernel
[    6.263320] Fusion MPT SPI Host driver 3.04.20
[    6.422023] input: ImExPS/2 Generic Explorer Mouse as /devices/platform/i8042/serio1/input/input4
[    6.728141] e1000 0000:00:03.0 eth0: (PCI:33MHz:32-bit) 02:2f:73:ea:27:92
[    6.844764] e1000 0000:00:03.0 eth0: Intel(R) PRO/1000 Network Connection
[    6.948928] [drm] VRAM 01000000
[    6.973591] [TTM] Zone  kernel: Available graphics memory: 504464 kiB
[    7.068245] [TTM] Initializing pool allocator
[    7.070318] [TTM] Initializing DMA pool allocator
[    7.074304] fbcon: vboxdrmfb (fb0) is primary device
[    7.077939] Console: switching to colour frame buffer device 100x37
[    7.083992] vboxvideo 0000:00:02.0: fb0: vboxdrmfb frame buffer device
[    7.096197] [drm] Initialized vboxvideo 1.0.0 20130823 for 0000:00:02.0 on minor 0
[    7.099355] mptbase: ioc0: Initiating bringup
[    7.197434] ioc0: LSI53C1030 A0: Capabilities={Initiator}
[    7.513318] scsi host2: ioc0: LSI53C1030 A0, FwRev=00000000h, Ports=1, MaxQ=256, IRQ=20
[    7.805085] scsi 2:0:0:0: Direct-Access     VBOX     HARDDISK         1.0  PQ: 0 ANSI: 5
[    7.904364] scsi target2:0:0: Beginning Domain Validation
[    7.958501] scsi target2:0:0: Domain Validation skipping write tests
[    7.959853] scsi target2:0:0: Ending Domain Validation
[    7.961140] scsi target2:0:0: asynchronous
[    7.999378] random: fast init done
[    8.067656] scsi 2:0:1:0: Direct-Access     VBOX     HARDDISK         1.0  PQ: 0 ANSI: 5
[    8.296119] scsi target2:0:1: Beginning Domain Validation
[    8.368140] scsi target2:0:1: Domain Validation skipping write tests
[    8.417978] e1000 0000:00:08.0 eth1: (PCI:33MHz:32-bit) 08:00:27:af:f0:b5
[    8.417982] e1000 0000:00:08.0 eth1: Intel(R) PRO/1000 Network Connection
[    8.474082] random: systemd-udevd: uninitialized urandom read (16 bytes read)
[    8.474096] random: systemd-udevd: uninitialized urandom read (16 bytes read)
[    8.474098] random: systemd-udevd: uninitialized urandom read (16 bytes read)
[    8.474859] e1000 0000:00:03.0 enp0s3: renamed from eth0
[    8.665834] scsi target2:0:1: Ending Domain Validation
[    8.667908] scsi target2:0:1: asynchronous
[    8.690733] sd 2:0:0:0: Attached scsi generic sg0 type 0
[    8.692297] sd 2:0:1:0: Attached scsi generic sg1 type 0
[    8.692546] sd 2:0:1:0: [sdb] 20480 512-byte logical blocks: (10.5 MB/10.0 MiB)
[    8.693281] e1000 0000:00:08.0 enp0s8: renamed from eth1
[    8.693510] sd 2:0:1:0: [sdb] Write Protect is off
[    8.693527] sd 2:0:0:0: [sda] 20971520 512-byte logical blocks: (10.7 GB/10.0 GiB)
[    8.693550] sd 2:0:0:0: [sda] Write Protect is off
[    8.693577] sd 2:0:1:0: [sdb] Incomplete mode parameter data
[    8.693578] sd 2:0:1:0: [sdb] Assuming drive cache: write through
[    8.693608] sd 2:0:0:0: [sda] Incomplete mode parameter data
[    8.693609] sd 2:0:0:0: [sda] Assuming drive cache: write through
[    8.712299]  sda: sda1
[    8.713046] sd 2:0:0:0: [sda] Attached SCSI disk
[    8.714209] sd 2:0:1:0: [sdb] Attached SCSI disk
Begin: Loading essential drivers ... [    9.435084] raid6: sse2x1   gen() 12136 MB/s
[    9.632499] raid6: sse2x1   xor()  9949 MB/s
[    9.696321] raid6: sse2x2   gen() 12245 MB/s
[    9.828237] raid6: sse2x2   xor() 10403 MB/s
[    9.972802] raid6: sse2x4   gen() 15353 MB/s
[   10.140177] raid6: sse2x4   xor() 10489 MB/s
[   10.264380] raid6: avx2x1   gen() 23346 MB/s
[   10.388306] raid6: avx2x1   xor() 15153 MB/s
[   10.440114] raid6: avx2x2   gen() 24191 MB/s
[   10.628760] raid6: avx2x2   xor() 18941 MB/s
[   10.759254] raid6: avx2x4   gen() 31727 MB/s
[   10.812424] raid6: avx2x4   xor() 20680 MB/s
[   10.904714] raid6: using algorithm avx2x4 gen() 31727 MB/s
[   11.116215] raid6: .... xor() 20680 MB/s, rmw enabled
[   11.199273] raid6: using avx2x2 recovery algorithm
[   11.397664] xor: automatically using best checksumming function   avx       
[   11.450789] async_tx: api initialized (async)
done.
Begin: Running /scripts/init-premount ... done.
Begin: Mounting root file system ... Begin: Running /scripts/local-top ... done.
Begin: Running /scripts/local-premount ... [   11.518792] Btrfs loaded, crc32c=crc32c-intel
Scanning for Btrfs filesystems
done.
Warning: fsck not present, so skipping root file system
[   11.548692] EXT4-fs (sda1): mounted filesystem with ordered data mode. Opts: (null)
done.
Begin: Running /scripts/local-bottom ... done.
Begin: Running /scripts/init-bottom ... done.
[   11.738856] ip_tables: (C) 2000-2006 Netfilter Core Team
[   11.748568] systemd[1]: systemd 237 running in system mode. (+PAM +AUDIT +SELINUX +IMA +APPARMOR +SMACK +SYSVINIT +UTMP +LIBCRYPTSETUP +GCRYPT +GNUTLS +ACL +XZ +LZ4 +SECCOMP +BLKID +ELFUTILS +KMOD -IDN2 +IDN -PCRE2 default-hierarchy=hybrid)
[   11.753729] systemd[1]: Detected virtualization oracle.
[   11.755071] systemd[1]: Detected architecture x86-64.

Welcome to [1mUbuntu 18.04.1 LTS[0m!

[   11.795097] systemd[1]: Set hostname to <ubuntu-bionic>.
[   12.503078] systemd[1]: Reached target User and Group Name Lookups.
[[0;32m  OK  [0m] Reached target User and Group Name Lookups.
[   12.508263] systemd[1]: Created slice System Slice.
[[0;32m  OK  [0m] Created slice System Slice.
[   12.510718] systemd[1]: Listening on Network Service Netlink Socket.
[[0;32m  OK  [0m] Listening on Network Service Netlink Socket.
[   12.944896] systemd[1]: Listening on Journal Socket.
[[0;32m  OK  [0m] Listening on Journal Socket.
[   13.492410] systemd[1]: Listening on Syslog Socket.
[[0;32m  OK  [0m] Listening on Syslog Socket.
[   14.085713] systemd[1]: Mounting POSIX Message Queue File System...
         Mounting POSIX Message Queue File System...
         Mounting Kernel Debug File System...
         Starting Load Kernel Modules...
[   14.299070] Loading iSCSI transport class v2.0-870.
[[0;32m  OK  [[   14.523591] iscsi: registered transport (tcp)
0m] Listening on udev Kernel Socket.
[   14.685980] iscsi: registered transport (iser)
[[0;32m  OK  [0m] Created slice system-serial\x2dgetty.slice.
[[0;32m  OK  [0m] Set up automount Arbitrary Executab…rmats File System Automount Point.
         Starting Create list of required st…ce nodes for the current kernel...
[[0;32m  OK  [0m] Reached target System Time Synchronized.
[[0;32m  OK  [0m] Listening on LVM2 metadata daemon socket.
[[0;32m  OK  [0m] Listening on udev Control Socket.
[[0;32m  OK  [0m] Started Forward Password Requests to Wall Directory Watch.
         Mounting Huge Pages File System...
         Starting Uncomplicated firewall...
         Starting Set the console keyboard layout...
[[0;32m  OK  [0m] Reached target Swap.
[[0;32m  OK  [0m] Listening on Journal Socket (/dev/log).
         Starting Remount Root and Kernel File Systems...
[[0;32m  OK  [0m] Listening on Device-mapper event daemon FIFOs[   14.834173] EXT4-fs (sda1): re-mounted. Opts: (null)
.
         Starting Monitoring of LVM2 mirrors…ng dmeventd or progress polling...
         Starting udev Coldplug all Devices...
[[0;32m  OK  [0m] Listening on /dev/initctl Compatibility Named Pipe.
[[0;32m  OK  [0m] Listening on Journal Audit Socket.
         Starting Journal Service...
[[0;32m  OK  [0m] Listening on LVM2 poll daemon socket.
[[0;32m  OK  [0m] Created slice User and Session Slice.
[[0;32m  OK  [0m] Reached target Slices.
[[0;32m  OK  [0m] Mounted POSIX Message Queue File System.
[[0;32m  OK  [0m] Mounted Kernel Debug File System.
[[0;32m  OK  [0m] Started Load Kernel Modules.
[[0;32m  OK  [0m] Started Create list of required sta…vice nodes for the current kernel.
[[0;32m  OK  [0m] Mounted Huge Pages File System.
[[0;32m  OK  [0m] Started Uncomplicated firewall.
[[0;32m  OK  [0m] Started Journal Service.
[[0;32m  OK  [0m] Started Set the console keyboard layout.
[[0;32m  OK  [0m] Started Remount Root and Kernel File Systems.
[[0;32m  OK  [[   15.148779] random: crng init done
0m] Started LVM2[   15.215759] random: 7 urandom warning(s) missed due to ratelimiting
 metadata daemon.
         Starting Load/Save Random Seed...
         Starting Initial cloud-init job (pre-networking)...
         Starting Flush Journal to Persistent Storage...
         Starting Create Static Device Nodes in /dev...
         Mounting Kernel Configuration File System...
         Mounting FUSE Control File System...
         Starting Apply Kernel Variables...
[[0;32m  OK  [0m] Started Monitoring of LVM2 mirrors,…sing dmeventd or progress polling.
[[0;32m  OK  [0m] Started udev Coldplug all Devices.
[[0;32m  OK  [0m] Started Load/Save Random Seed.
[[0;32m  OK  [0m] Mounted Kernel Configuration File System.
[[0;32m  OK  [0m] Mounted FUSE Control File System.
[   15.479095] systemd-journald[405]: Received request to flush runtime journal from PID 1
[[0;32m  OK  [0m] Started Create Static Device Nodes in /dev.
[[0;32m  OK  [0m] Reached target Local File Systems (Pre).
[[0;32m  OK  [0m] Reached target Local File Systems.
         Starting Tell Plymouth To Write Out Runtime Data...
         Starting Set console font and keymap...
         Starting AppArmor initialization...
         Starting ebtables ruleset management...
         Starting udev Kernel Device Manager...
[[0;32m  OK  [0m] Started Tell Plymouth To Write Out Runtime Data.
[[0;32m  OK  [0m] Started Apply Kernel Variables.
[[0;32m  OK  [0m] Started Set console font and keymap.
[[0;32m  OK  [0m] Started udev Kernel Device Manager.
[[0;32m  OK  [0m] Started Dispatch Password Requests to Console Directory Watch.
[[0;32m  OK  [0m] Reached target Local Encrypted Volumes.
[[0;32m  OK  [0m] Started Flush Journal to Persistent Storage.
[[0;32m  OK  [0m] Found device /dev/ttyS0.
         Starting Create Volatile Files and Directories...
[[0;32m  OK  [0m] Started ebtables ruleset management.
[[0;32m  OK  [0m] Started Create Volatile Files and Directories.
         Starting Update UTMP about System Boot/Shutdown...
[[0;32m  OK  [0m] Listening on Load/Save RF Kill Switch Status /dev/rfkill Watch.
[[0;32m  OK  [0m] Started Update UTMP about System Boot/Shutdown.
[[0;32m  OK  [0m] Started AppArmor initialization.
[   17.107693] cloud-init[412]: Cloud-init v. 18.4-0ubuntu1~18.04.1 running 'init-local' at Wed, 23 Jan 2019 02:07:35 +0000. Up 16.92 seconds.
[[0;32m  OK  [0m] Started Initial cloud-init job (pre-networking).
[[0;32m  OK  [0m] Reached target Network (Pre).
         Starting Network Service...
[[0;32m  OK  [0m] Started Network Service.
         Starting Network Name Resolution...
         Starting Wait for Network to be Configured...
[[0;32m  OK  [0m] Started Network Name Resolution.
[[0;32m  OK  [0m] Reached target Host and Network Name Lookups.
[[0;32m  OK  [0m] Reached target Network.
[[0;32m  OK  [0m] Started Wait for Network to be Configured.
         Starting Initial cloud-init job (metadata service crawler)...
[   19.774091] cloud-init[692]: Cloud-init v. 18.4-0ubuntu1~18.04.1 running 'init' at Wed, 23 Jan 2019 02:07:38 +0000. Up 19.64 seconds.
[   19.781605] cloud-init[692]: ci-info: ++++++++++++++++++++++++++++++++++++++Net device info+++++++++++++++++++++++++++++++++++++++
[   19.810530] cloud-init[692]: ci-info: +--------+------+-----------------------------+---------------+--------+-------------------+
[   19.814703] cloud-init[692]: ci-info: | Device |  Up  |           Address           |      Mask     | Scope  |     Hw-Address    |
[   19.818407] cloud-init[692]: ci-info: +--------+------+-----------------------------+---------------+--------+-------------------+
[   19.825083] cloud-init[692]: ci-info: | enp0s3 | True |          10.0.2.15          | 255.255.255.0 | global | 02:2f:73:ea:27:92 |
[   19.830052] cloud-init[692]: ci-info: | enp0s3 | True |  fe80::2f:73ff:feea:2792/64 |       .       |  link  | 02:2f:73:ea:27:92 |
[   19.835618] cloud-init[692]: ci-info: | enp0s8 | True |        192.168.33.10        | 255.255.255.0 | global | 08:00:27:af:f0:b5 |
[   19.839174] cloud-init[692]: ci-info: | enp0s8 | True | fe80::a00:27ff:feaf:f0b5/64 |       .       |  link  | 08:00:27:af:f0:b5 |
[   19.842933] cloud-init[692]: ci-info: |   lo   | True |          127.0.0.1          |   255.0.0.0   |  host  |         .         |
[   19.846157] cloud-init[692]: ci-info: |   lo   | True |           ::1/128           |       .       |  host  |         .         |
[   19.850298] cloud-init[692]: ci-info: +--------+------+-----------------------------+---------------+--------+-------------------+
[   19.852886] cloud-init[692]: ci-info: +++++++++++++++++++++++++++++Route IPv4 info+++++++++++++++++++++++++++++
[   19.855115] cloud-init[692]: ci-info: +-------+--------------+----------+-----------------+-----------+-------+
[   19.864762] cloud-init[692]: ci-info: | Route | Destination  | Gateway  |     Genmask     | Interface | Flags |
[   19.882553] cloud-init[692]: ci-info: +-------+--------------+----------+-----------------+-----------+-------+
[   19.904543] cloud-init[692]: ci-info: |   0   |   0.0.0.0    | 10.0.2.2 |     0.0.0.0     |   enp0s3  |   UG  |
[   19.907631] cloud-init[692]: ci-info: |   1   |   10.0.2.0   | 0.0.0.0  |  255.255.255.0  |   enp0s3  |   U   |
[   19.919297] cloud-init[692]: ci-info: |   2   |   10.0.2.2   | 0.0.0.0  | 255.255.255.255 |   enp0s3  |   UH  |
[   19.923588] cloud-init[692]: ci-info: |   3   | 192.168.33.0 | 0.0.0.0  |  255.255.255.0  |   enp0s8  |   U   |
[   19.930259] cloud-init[692]: ci-info: +-------+--------------+----------+-----------------+-----------+-------+
[   19.935906] cloud-init[692]: ci-info: +++++++++++++++++++Route IPv6 info+++++++++++++++++++
[   19.939206] cloud-init[692]: ci-info: +-------+-------------+---------+-----------+-------+
[   19.941539] cloud-init[692]: ci-info: | Route | Destination | Gateway | Interface | Flags |
[   19.943944] cloud-init[692]: ci-info: +-------+-------------+---------+-----------+-------+
[   19.947468] cloud-init[692]: ci-info: |   1   |  fe80::/64  |    ::   |   enp0s8  |   U   |
[   19.950007] cloud-init[692]: ci-info: |   2   |  fe80::/64  |    ::   |   enp0s3  |   U   |
[   19.952295] cloud-init[692]: ci-info: |   4   |    local    |    ::   |   enp0s3  |   U   |
[   19.954614] cloud-init[692]: ci-info: |   5   |    local    |    ::   |   enp0s8  |   U   |
[   19.956853] cloud-init[692]: ci-info: |   6   |   ff00::/8  |    ::   |   enp0s8  |   U   |
[   19.958652] cloud-init[692]: ci-info: |   7   |   ff00::/8  |    ::   |   enp0s3  |   U   |
[   19.960478] cloud-init[692]: ci-info: +-------+-------------+---------+-----------+-------+
[[0;32m  OK  [0m] Started Initial cloud-init job (metadata service crawler).
[[0;32m  OK  [0m] Reached target Cloud-config availability.
[[0;32m  OK  [0m] Reached target Network is Online.
[[0;32m  OK  [0m] Reached target Remote File Systems (Pre).
[[0;32m  OK  [0m] Reached target Remote File Systems.
         Starting Availability of block devices...
[[0;32m  OK  [0m] Reached target System Initialization.
[[0;32m  OK  [0m] Listening on Open-iSCSI iscsid Socket.
[[0;32m  OK  [0m] Started Discard unused blocks once a week.
[[0;32m  OK  [0m] Started Message of the Day.
[[0;32m  OK  [0m] Listening on UUID daemon activation socket.
[[0;32m  OK  [0m] Started ACPI Events Check.
         Starting Socket activation for snappy daemon.
[[0;32m  OK  [0m] Listening on ACPID Listen Socket.
         Starting LXD - unix socket.
[[0;32m  OK  [0m] Listening on D-Bus System Message Bus Socket.
[[0;32m  OK  [0m] Started Daily apt download activities.
[[0;32m  OK  [0m] Reached target Paths.
[[0;32m  OK  [0m] Started Daily Cleanup of Temporary Directories.
[[0;32m  OK  [0m] Started Daily apt upgrade and clean activities.
[[0;32m  OK  [0m] Reached target Timers.
[[0;32m  OK  [0m] Started Availability of block devices.
[[0;32m  OK  [0m] Listening on Socket activation for snappy daemon.
[[0;32m  OK  [0m] Listening on LXD - unix socket.
[[0;32m  OK  [0m] Reached target Sockets.
[[0;32m  OK  [0m] Reached target Basic System.
         Starting Accounts Service...
[[0;32m  OK  [0m] Started irqbalance daemon.
         Starting System Logging Service...
[[0;32m  OK  [0m] Started Regular background program processing daemon.
[[0;32m  OK  [0m] Started FUSE filesystem for LXC.
         Starting LSB: automatic crash report generation...
[[0;32m  OK  [0m] Started Deferred execution scheduler.
         Starting Permit User Sessions...
         Starting LSB: Record successful boot for GRUB...
[[0;32m  OK  [0m] Started D-Bus System Message Bus.
         Starting LXD - container startup/shutdown...
         Starting Login Service...
         Starting Snappy daemon...
         Starting vboxadd.service...
         Starting Dispatcher daemon for systemd-networkd...
         Starting OpenBSD Secure Shell server...
[[0;32m  OK  [0m] Started System Logging Service.
[[0;32m  OK  [0m] Started Permit User Sessions.
[[0;32m  OK  [0m] Started Snappy daemon.
[[0;32m  OK  [0m] Started LXD - container startup/shutdown.
[[0;32m  OK  [0m] Started Login Service.
[[0;32m  OK  [0m] Started Unattended Upgrades Shutdown.
         Starting Authorization Manager...
         Starting Wait until snapd is fully seeded...
         Starting Hold until boot process finishes up...
         Starting Terminate Plymouth Boot Screen...
[[0;32m  OK  [0m] Started Hold until boot process finishes up.
[[0;32m  OK  [0m] Started Serial Getty on ttyS0.
         Starting Set console scheme...
[[0;32m  OK  [0m] Started Terminate Plymouth Boot Screen.
[[0;32m  OK  [0m] Started Authorization Manager.
[[0;32m  OK  [0m] Started Accounts Service.
[[0;32m  OK  [0m] Started LSB: Record successful boot for GRUB.
[[0;32m  OK  [0m] Started Set console scheme.
[[0;32m  OK  [0m] Started OpenBSD Secure Shell server.
[[0;32m  OK  [0m] Created slice system-getty.slice.
[[0;32m  OK  [0m] Started Getty on tty1.
[[0;32m  OK  [0m] Reached target Login Prompts.
[[0;32m  OK  [0m] Started LSB: automatic crash report generation.
[[0;32m  OK  [0m] Started Wait until snapd is fully seeded.
         Starting Apply the settings specified in cloud-config...
[[0;32m  OK  [0m] Started Dispatcher daemon for systemd-networkd.
[[0;32m  OK  [0m] Created slice User Slice of vagrant.
         Starting User Manager for UID 1000...
[[0;32m  OK  [0m] Started Session 1 of user vagrant.
[[0;32m  OK  [0m] Started vboxadd.service.
         Starting vboxadd-service.service...
[[0;32m  OK  [0m] Started User Manager for UID 1000.
[[0;32m  OK  [0m] Started vboxadd-service.service.
[[0;32m  OK  [0m] Reached target Multi-User System.
[[0;32m  OK  [0m] Reached target Graphical Interface.
         Starting Update UTMP about System Runlevel Changes...
[[0;32m  OK  [0m] Started Update UTMP about System Runlevel Changes.
[   21.531358] cloud-init[1066]: Cloud-init v. 18.4-0ubuntu1~18.04.1 running 'modules:config' at Wed, 23 Jan 2019 02:07:40 +0000. Up 21.42 seconds.
[[0;32m  OK  [0m] Started Apply the settings specified in cloud-config.
         Starting Execute cloud user/final scripts...
[   22.029995] cloud-init[1259]: Cloud-init v. 18.4-0ubuntu1~18.04.1 running 'modules:final' at Wed, 23 Jan 2019 02:07:40 +0000. Up 21.94 seconds.
[[   22.124382] cloud-init[1259]: Cloud-init v. 18.4-0ubuntu1~18.04.1 finished at Wed, 23 Jan 2019 02:07:40 +0000. Datasource DataSourceNoCloud [seed=/dev/sdb][dsmode=net].  Up 22.02 seconds
[0;32m  OK  [0m] Started Execute cloud user/final scripts.
[[0;32m  OK  [0m] Reached target Cloud-init target.
         Starting Daily apt download activities...
[[0;32m  OK  [0m] Stopped Wait for Network to be Configured.
         Stopping Network Service...
[[0;32m  OK  [0m] Stopped Network Service.
         Starting Network Service...
[[0;32m  OK  [0m] Started Network Service.
         Stopping User Manager for UID 1000...
[[0;32m  OK  [0m] Stopped User Manager for UID 1000.
[[0;32m  OK  [0m] Removed slice User Slice of vagrant.

Ubuntu 18.04.1 LTS ubuntu-bionic ttyS0

ubuntu-bionic login: 